2022-12-13 12:06:59.733712 (118889) main____ INFO    ----------------------------------------
2022-12-13 12:06:59.734880 (118889) main____ INFO    JasperGold version info
2022-12-13 12:06:59.734903 (118889) main____ INFO      tool      : JasperGold 2018.06
2022-12-13 12:06:59.734923 (118889) main____ INFO      version   : 2018.06p002 64 bits
2022-12-13 12:06:59.734939 (118889) main____ INFO      build date: 2018.08.27 18:04:53 PDT
2022-12-13 12:06:59.734949 (118889) main____ INFO    ----------------------------------------
2022-12-13 12:06:59.734957 (118889) main____ INFO    Runtime info:
2022-12-13 12:06:59.734969 (118889) main____ INFO      platform  : Linux 3.10.0-957.21.3.el7.x86_64 x86_64
2022-12-13 12:06:59.734985 (118889) main____ INFO      hostname  : ee-mill3.ee.ic.ac.uk
2022-12-13 12:06:59.734996 (118889) main____ INFO      pid       : 118889
2022-12-13 12:06:59.735006 (118889) main____ INFO      arguments : '-style' 'windows' 'rtl/AHB_GPIO/AHBGPIO.tcl'
2022-12-13 12:06:59.735015 (118889) main____ INFO    ----------------------------------------
2022-12-13 12:06:59.735024 (118889) main____ INFO    System resource limits info:
2022-12-13 12:06:59.735034 (118889) main____ INFO      virtual memory: unlimited
2022-12-13 12:06:59.735044 (118889) main____ INFO      cpu time      : unlimited
2022-12-13 12:06:59.735077 (118889) main____ INFO      stack size    : 8388608 B
2022-12-13 12:06:59.735092 (118889) main____ INFO      core file size: 0 B
2022-12-13 12:06:59.735114 (118889) main____ INFO      open files    : 4096
2022-12-13 12:06:59.735124 (118889) main____ INFO      file size     : unlimited
2022-12-13 12:06:59.735133 (118889) main____ INFO    ----------------------------------------
2022-12-13 12:06:59.735141 (118889) main____ INFO    Memory statistics:
2022-12-13 12:06:59.735151 (118889) main____ INFO      total physical memory  : 395962436 kB
2022-12-13 12:06:59.735159 (118889) main____ INFO      free physical memory   : 240324280 kB
2022-12-13 12:06:59.735168 (118889) main____ INFO      committed address space: 53871356 kB
2022-12-13 12:06:59.735176 (118889) main____ INFO    ----------------------------------------
2022-12-13 12:06:59.735236 (118889) main____ INFO    Important environment variables:
2022-12-13 12:06:59.735257 (118889) main____ INFO      DISPLAY        : 'localhost:10.0'
2022-12-13 12:06:59.735272 (118889) main____ INFO      LM_LICENSE_FILE: '5280@ee-llic01.ee.ic.ac.uk'
2022-12-13 12:06:59.735281 (118889) main____ INFO    ----------------------------------------
2022-12-13 12:06:59.736606 (118889) lic_core INFO    Initializing license system ...
2022-12-13 12:06:59.737589 (118889) lic_core INFO    ... license system initialized.
2022-12-13 12:06:59.740236 (118889) lic__man INFO    Claim 'main' for <ui>.
2022-12-13 12:06:59.740323 (118889) lic_core INFO    (1) checking out 'jasper_interactive' ...
2022-12-13 12:06:59.770041 (118889) lic_core INFO    ... (1) checkout succeeded
2022-12-13 12:06:59.770201 (118889) lic__man INFO    Claim 'fpv' for <ui>.
2022-12-13 12:06:59.770256 (118889) lic_core INFO    (2) checking out 'jasper_fpv' ...
2022-12-13 12:06:59.781859 (118889) lic_core INFO    ... (2) checkout failed (error: -5) ("FLEXnet ERROR(-5, 0, 0): No such feature exists.")
2022-12-13 12:06:59.781918 (118889) lic_core INFO    (3) checking out 'jasper_fao' ...
2022-12-13 12:06:59.815361 (118889) lic_core INFO    ... (3) checkout succeeded
2022-12-13 12:07:02.848337 (118889) lic__man INFO    Claim 'fpv' for <ui>.
2022-12-13 12:07:03.391541 (118889) lic__man INFO    Unclaim 'fpv' for <ui>.
2022-12-13 12:07:03.391603 (118889) lic__man INFO    Claim 'fpv' for <ui>.
2022-12-13 12:07:03.407617 (118889) session_ INFO    Starting analysis session with session id 'session_0' ...
2022-12-13 12:07:03.409609 (118889) session_ INFO    Analysis session with session id 'session_0' started (pid: 119595)
2022-12-13 12:07:09.088942 (118889) session_ INFO    Analysis session 'session_0' connected to the console (host: 146.179.44.6:48830)
2022-12-13 12:07:10.363361 (118889) lic__man INFO    Unclaim everything for 'session_0'.
2022-12-13 12:08:24.718525 (118889) main____ INFO    About to exit: requested from GUI
2022-12-13 12:08:25.067810 (118889) session_ INFO    Analysis session 'session_0' disconnected.
2022-12-13 12:08:25.071171 (118889) main____ INFO    Exiting with status 0.
