2022-11-09 11:05:02.910069 (87042) main____ INFO    ----------------------------------------
2022-11-09 11:05:02.910213 (87042) main____ INFO    JasperGold version info
2022-11-09 11:05:02.910233 (87042) main____ INFO      tool      : JasperGold 2018.06
2022-11-09 11:05:02.910249 (87042) main____ INFO      version   : 2018.06p002 64 bits
2022-11-09 11:05:02.910263 (87042) main____ INFO      build date: 2018.08.27 18:04:53 PDT
2022-11-09 11:05:02.910272 (87042) main____ INFO    ----------------------------------------
2022-11-09 11:05:02.910280 (87042) main____ INFO    Runtime info:
2022-11-09 11:05:02.910291 (87042) main____ INFO      platform  : Linux 3.10.0-957.21.3.el7.x86_64 x86_64
2022-11-09 11:05:02.910305 (87042) main____ INFO      hostname  : ee-mill3.ee.ic.ac.uk
2022-11-09 11:05:02.910314 (87042) main____ INFO      pid       : 87042
2022-11-09 11:05:02.910323 (87042) main____ INFO      arguments : '-style' 'windows' 'multiplier.tcl'
2022-11-09 11:05:02.910331 (87042) main____ INFO    ----------------------------------------
2022-11-09 11:05:02.910339 (87042) main____ INFO    System resource limits info:
2022-11-09 11:05:02.910348 (87042) main____ INFO      virtual memory: unlimited
2022-11-09 11:05:02.910357 (87042) main____ INFO      cpu time      : unlimited
2022-11-09 11:05:02.910385 (87042) main____ INFO      stack size    : 8388608 B
2022-11-09 11:05:02.910398 (87042) main____ INFO      core file size: 0 B
2022-11-09 11:05:02.910417 (87042) main____ INFO      open files    : 4096
2022-11-09 11:05:02.910427 (87042) main____ INFO      file size     : unlimited
2022-11-09 11:05:02.910435 (87042) main____ INFO    ----------------------------------------
2022-11-09 11:05:02.910443 (87042) main____ INFO    Memory statistics:
2022-11-09 11:05:02.910451 (87042) main____ INFO      total physical memory  : 395962436 kB
2022-11-09 11:05:02.910459 (87042) main____ INFO      free physical memory   : 22735428 kB
2022-11-09 11:05:02.910467 (87042) main____ INFO      committed address space: 32736092 kB
2022-11-09 11:05:02.910475 (87042) main____ INFO    ----------------------------------------
2022-11-09 11:05:02.910531 (87042) main____ INFO    Important environment variables:
2022-11-09 11:05:02.910549 (87042) main____ INFO      DISPLAY        : 'localhost:14.0'
2022-11-09 11:05:02.910563 (87042) main____ INFO      LM_LICENSE_FILE: '5280@ee-llic01.ee.ic.ac.uk'
2022-11-09 11:05:02.910571 (87042) main____ INFO    ----------------------------------------
2022-11-09 11:05:02.911390 (87042) lic_core INFO    Initializing license system ...
2022-11-09 11:05:02.912354 (87042) lic_core INFO    ... license system initialized.
2022-11-09 11:05:02.914777 (87042) lic__man INFO    Claim 'main' for <ui>.
2022-11-09 11:05:02.914855 (87042) lic_core INFO    (1) checking out 'jasper_interactive' ...
2022-11-09 11:05:02.946394 (87042) lic_core INFO    ... (1) checkout succeeded
2022-11-09 11:05:02.946536 (87042) lic__man INFO    Claim 'fpv' for <ui>.
2022-11-09 11:05:02.946589 (87042) lic_core INFO    (2) checking out 'jasper_fpv' ...
2022-11-09 11:05:02.956223 (87042) lic_core INFO    ... (2) checkout failed (error: -5) ("FLEXnet ERROR(-5, 0, 0): No such feature exists.")
2022-11-09 11:05:02.956265 (87042) lic_core INFO    (3) checking out 'jasper_fao' ...
2022-11-09 11:05:02.980345 (87042) lic_core INFO    ... (3) checkout succeeded
2022-11-09 11:05:05.816947 (87042) lic__man INFO    Claim 'fpv' for <ui>.
2022-11-09 11:05:06.282186 (87042) lic__man INFO    Unclaim 'fpv' for <ui>.
2022-11-09 11:05:06.282229 (87042) lic__man INFO    Claim 'fpv' for <ui>.
2022-11-09 11:05:06.297429 (87042) session_ INFO    Starting analysis session with session id 'session_0' ...
2022-11-09 11:05:06.299514 (87042) session_ INFO    Analysis session with session id 'session_0' started (pid: 87636)
2022-11-09 11:05:12.273562 (87042) session_ INFO    Analysis session 'session_0' connected to the console (host: 146.179.44.6:35965)
2022-11-09 11:05:13.379790 (87042) lic__man INFO    Unclaim everything for 'session_0'.
2022-11-09 11:05:13.630941 (87042) lic__man INFO    Unclaim everything for 'session_0'.
2022-11-09 11:07:53.293789 (87042) main____ INFO    About to exit: requested from GUI
2022-11-09 11:07:53.555840 (87042) session_ INFO    Analysis session 'session_0' disconnected.
2022-11-09 11:07:53.558911 (87042) main____ INFO    Exiting with status 0.
