#----------------------------------------
# JasperGold Version Info
# tool      : JasperGold 2018.06
# platform  : Linux 3.10.0-957.21.3.el7.x86_64
# version   : 2018.06p002 64 bits
# build date: 2018.08.27 18:04:53 PDT
#----------------------------------------
# started Tue Dec 13 12:07:03 GMT 2022
# hostname  : ee-mill3.ee.ic.ac.uk
# pid       : 119595
# arguments : '-label' 'session_0' '-console' 'ee-mill3.ee.ic.ac.uk:42304' '-style' 'windows' '-data' 'AQAAADx/////AAAAAAAAA3oBAAAAEABMAE0AUgBFAE0ATwBWAEU=' '-proj' '/home/mp619/nfshome/ELEC70048_HWSW_Verification/Hardware/AHB_peripherals_files/jgproject/sessionLogs/session_0' '-init' '-hidden' '/home/mp619/nfshome/ELEC70048_HWSW_Verification/Hardware/AHB_peripherals_files/jgproject/.tmp/.initCmds.tcl' 'rtl/AHB_GPIO/AHBGPIO.tcl'

Any disclosure about the Cadence Design Systems software or its use
model to any third party violates the written Non-Disclosure Agreement
between Cadence Design Systems, Inc. and the customer.

THIS SOFTWARE CONTAINS CONFIDENTIAL INFORMATION AND TRADE SECRETS OF
CADENCE DESIGN SYSTEMS, INC. USE, DISCLOSURE, OR REPRODUCTION IS
PROHIBITED WITHOUT THE PRIOR EXPRESS WRITTEN PERMISSION OF CADENCE
DESIGN SYSTEMS, INC.

Copyright (C) 2000-2018 Cadence Design Systems, Inc. All Rights
Reserved.  Unpublished -- rights reserved under the copyright laws of
the United States.

This product includes software developed by others and redistributed
according to license agreement. See doc/third_party_readme.txt for
further details.

RESTRICTED RIGHTS LEGEND

Use, duplication, or disclosure by the Government is subject to
restrictions as set forth in subparagraph (c) (1) (ii) of the Rights in
Technical Data and Computer Software clause at DFARS 252.227-7013 or
subparagraphs (c) (1) and (2) of Commercial Computer Software -- Restricted
Rights at 48 CFR 52.227-19, as applicable.


                          Cadence Design Systems, Inc. 
                          2655 Seely Avenue
                          San Jose, CA 95134
                          Phone: 408.943.1234

For technical assistance visit http://support.cadence.com.

JasperGold Apps Analysis Session - /home/mp619/nfshome/ELEC70048_HWSW_Verification/Hardware/AHB_peripherals_files/jgproject/sessionLogs/session_0

INFO: successfully checked out licenses "jasper_interactive" and "jasper_fao".
INFO: reading configuration file "/home/mp619/.config/jasper/jaspergold.conf".
% 
% clear -all
INFO (IPF121): Cleared environment completely for new design analysis.
% analyze -clear
% analyze -sv AHBGPIO_parity.sv
ERROR (ESW046): The file "AHBGPIO_parity.sv" does not exist.

ERROR: problem encountered at line 4 in file rtl/AHB_GPIO/AHBGPIO.tcl

INFO (IPL005): Received request to exit from the console.
INFO: Waiting for proof threads to stop...
INFO: Proof threads stopped.
