# vsim work_opt -c -do "setup.do" -l out.log 
# Start time: 20:35:46 on Nov 06,2022
# //  Questa Sim-64
# //  Version 10.7c linux_x86_64 Aug 17 2018
# //
# //  Copyright 1991-2018 Mentor Graphics Corporation
# //  All Rights Reserved.
# //
# //  QuestaSim and its associated documentation contain trade
# //  secrets and commercial or financial information that are the property of
# //  Mentor Graphics Corporation and are privileged, confidential,
# //  and exempt from disclosure under the Freedom of Information Act,
# //  5 U.S.C. Section 552. Furthermore, this information
# //  is prohibited from disclosure under the Trade Secrets Act,
# //  18 U.S.C. Section 1905.
# //
# Loading sv_std.std
# Loading work.multiplier_top(fast)
# Loading work.multi_inf(fast)
# Loading work.multiplier(fast)
# Loading work.multiplier_tb(fast)
# do setup.do
# Initial check pass: Multiplier result = 56, expected result is 56
#           0
#           1
#           2
#           3
#           4
#           5
#           6
#           7
#           8
#           9
#          10
#          11
#          12
#          13
#          14
#          15
#          16
#          17
#          18
#          19
#          20
#          21
#          22
#          23
#          24
#          25
#          26
#          27
#          28
#          29
#          30
#          31
#          32
#          33
#          34
#          35
#          36
#          37
#          38
#          39
#          40
#          41
#          42
#          43
#          44
#          45
#          46
#          47
#          48
#          49
#          50
#          51
#          52
#          53
#          54
#          55
#          56
#          57
#          58
#          59
#          60
#          61
#          62
#          63
#          64
#          65
#          66
#          67
#          68
#          69
#          70
#          71
#          72
#          73
#          74
#          75
#          76
#          77
#          78
#          79
#          80
#          81
#          82
#          83
#          84
#          85
#          86
#          87
#          88
#          89
#          90
#          91
#          92
#          93
#          94
#          95
#          96
#          97
#          98
#          99
#         100
#         101
#         102
#         103
#         104
#         105
#         106
#         107
#         108
#         109
#         110
#         111
#         112
#         113
#         114
#         115
#         116
#         117
#         118
#         119
#         120
#         121
#         122
#         123
#         124
#         125
#         126
#         127
# Coverage = 100.000000 %
# ** Note: $stop    : tbench_2/multiplier_tb.sv(97)
#    Time: 473300 ns  Iteration: 2  Instance: /multiplier_top/mul1_tb
# Break in Module multiplier_tb at tbench_2/multiplier_tb.sv line 97
# Stopped at tbench_2/multiplier_tb.sv line 97
# 
# <EOF>
# End time: 20:35:47 on Nov 06,2022, Elapsed time: 0:00:01
# Errors: 0, Warnings: 0
